Started at Sat Apr 18 20:39:29 UTC 2020
Processing First pipeline
Offering First pipeline to Project Build Discarder
Processing First Test
Offering First Test to Project Build Discarder
Finished at Sat Apr 18 20:39:29 UTC 2020. 34ms
Started at Sat Apr 18 21:39:25 UTC 2020
Processing First pipeline
Offering First pipeline to Project Build Discarder
Processing First Test
Offering First Test to Project Build Discarder
Finished at Sat Apr 18 21:39:25 UTC 2020. 57ms
Started at Sat Apr 18 22:39:21 UTC 2020
Processing First pipeline
Offering First pipeline to Project Build Discarder
Processing First Test
Offering First Test to Project Build Discarder
Finished at Sat Apr 18 22:39:21 UTC 2020. 78ms
Started at Sat Apr 18 23:39:17 UTC 2020
Processing First pipeline
Offering First pipeline to Project Build Discarder
Processing First Test
Offering First Test to Project Build Discarder
Finished at Sat Apr 18 23:39:17 UTC 2020. 91ms
Started at Sun Apr 19 00:39:13 UTC 2020
Processing First pipeline
Offering First pipeline to Project Build Discarder
Processing First Test
Offering First Test to Project Build Discarder
Finished at Sun Apr 19 00:39:13 UTC 2020. 72ms
Started at Sun Apr 19 01:39:09 UTC 2020
Processing First pipeline
Offering First pipeline to Project Build Discarder
Processing First Test
Offering First Test to Project Build Discarder
Finished at Sun Apr 19 01:39:09 UTC 2020. 42ms
Started at Sun Apr 19 02:39:04 UTC 2020
Processing First pipeline
Offering First pipeline to Project Build Discarder
Processing First Test
Offering First Test to Project Build Discarder
Finished at Sun Apr 19 02:39:04 UTC 2020. 18ms
Started at Sun Apr 19 03:39:00 UTC 2020
Processing First pipeline
Offering First pipeline to Project Build Discarder
Processing First Test
Offering First Test to Project Build Discarder
Finished at Sun Apr 19 03:39:00 UTC 2020. 56ms
Started at Sun Apr 19 04:38:56 UTC 2020
Processing First pipeline
Offering First pipeline to Project Build Discarder
Processing First Test
Offering First Test to Project Build Discarder
Finished at Sun Apr 19 04:38:56 UTC 2020. 13ms
